<?xml version="1.0" encoding="utf-8"?><testsuites><testsuite name="pytest" errors="0" failures="0" skipped="0" tests="3" time="35.634" timestamp="2024-08-27T18:58:17.246853+02:00" hostname="LAPTOP-90BKBFB"><testcase classname="test_e2e.TestOne" name="test_2e2" time="19.722" /><testcase classname="test_homepage.TestHomePage" name="test_FormSubmission[getData0]" time="13.154" /><testcase classname="test_homepage.TestHomePage" name="test_FormSubmission[getData1]" time="2.710" /></testsuite></testsuites>